C51 COMPILER V9.60.0.0   BUZZ                                                              12/02/2021 20:42:06 PAGE 1   


C51 COMPILER V9.60.0.0, COMPILATION OF MODULE BUZZ
OBJECT MODULE PLACED IN .\Objects\buzz.obj
COMPILER INVOKED BY: D:\DPJJX     proteus\Keil\Keil\C51\BIN\C51.EXE buzz.c OPTIMIZE(8,SPEED) BROWSE INCDIR(..\DM) DEBUG 
                    -OBJECTEXTEND PRINT(.\Listings\buzz.lst) TABS(2) OBJECT(.\Objects\buzz.obj)

line level    source

   1          #include "stc89c52.h"
   2          #include "delay.h"
   3          #include "buzz.h"
   4          
   5          
   6          sbit buzz =P1^2;
   7          void Buzz_Init(void)
   8          {
   9   1        buzz=0;
  10   1      }
  11          void buzz_times(unsigned char times)
  12          {
  13   1        unsigned char i=0;
  14   1        for(i=0;i<times;i++)
  15   1        {
  16   2           buzz=1;
  17   2           Delay_Ms(200);
  18   2           buzz=0;
  19   2           Delay_Ms(200);
  20   2        }
  21   1      }


MODULE INFORMATION:   STATIC OVERLAYABLE
   CODE SIZE        =     40    ----
   CONSTANT SIZE    =   ----    ----
   XDATA SIZE       =   ----    ----
   PDATA SIZE       =   ----    ----
   DATA SIZE        =   ----       2
   IDATA SIZE       =   ----    ----
   BIT SIZE         =   ----    ----
END OF MODULE INFORMATION.


C51 COMPILATION COMPLETE.  0 WARNING(S),  0 ERROR(S)
