C51 COMPILER V9.60.0.0   MAIN                                                              12/02/2021 20:42:07 PAGE 1   


C51 COMPILER V9.60.0.0, COMPILATION OF MODULE MAIN
OBJECT MODULE PLACED IN .\Objects\main.obj
COMPILER INVOKED BY: D:\DPJJX     proteus\Keil\Keil\C51\BIN\C51.EXE main.c OPTIMIZE(8,SPEED) BROWSE INCDIR(..\DM) DEBUG 
                    -OBJECTEXTEND PRINT(.\Listings\main.lst) TABS(2) OBJECT(.\Objects\main.obj)

line level    source

   1          #include"buzz.h"
   2          #include"delay.h"
   3          #include"led.h"
   4          #include"key.h"
   5          #include"OLED.h"
   6          #include"AS608.h"
   7          #include"stdio.h"
   8          
   9          unsigned char local_date=2,base_date=2;//全局变量，当前箭头位置
  10          
  11          void DisplayUpdata()
  12          {
  13   1        OLED_Clear(0); //清空显示屏
  14   1        GUI_ShowCHinese(17,0,"指纹考勤系统");
  15   1        GUI_ShowString(70,*(char*)&base_date,"*",16);
  16   1        GUI_ShowCHinese(0,2,"开始考勤");
  17   1        GUI_ShowCHinese(0,4,"录入指纹");
  18   1        GUI_ShowCHinese(0,6,"删除");
  19   1        GUI_ShowCHinese(33,6,"指纹");
  20   1      
  21   1      }
  22          void Delet_FR()
  23          { 
  24   1        OLED_Clear(0); //清空显示屏
  25   1        GUI_ShowCHinese(0,0,"删除");
  26   1          GUI_ShowCHinese(32,0,"指纹");
  27   1        GUI_ShowString(80,*(char*)&base_date,"*",16);/****************取模*******************/
  28   1        GUI_ShowCHinese(0,2,"清空");
  29   1          GUI_ShowCHinese(32,2,"指纹库");
  30   1      
  31   1        
  32   1      }
  33          
  34          char keypressup()//按键移动光标//上//2
  35          {   
  36   1      
  37   1        if(local_date==2)local_date=6;
  38   1        else if(local_date==4)local_date=2;
  39   1        else if(local_date==6)local_date=4;
  40   1        return local_date;  
  41   1      }
  42          char keypressdown()//按键移动光标//下//3
  43          {
  44   1        
  45   1        if(local_date==2)local_date=4;
  46   1        else if(local_date==4)local_date=6;
  47   1        else if(local_date==6)local_date=2; 
  48   1        return local_date;  
  49   1      }
  50          void main()
  51          { 
  52   1        
  53   1        OLED_Init();   //屏幕初始化
  54   1        Uart_Init();//初始化串口
C51 COMPILER V9.60.0.0   MAIN                                                              12/02/2021 20:42:07 PAGE 2   

  55   1        Buzz_Init();//初始化蜂鸣器
  56   1        OLED_Clear(0); //清空显示屏
  57   1        Device_Check();//判断AS608是否连接
  58   1        OLED_Clear(0); //清空显示屏
  59   1        DisplayUpdata();//显示菜单栏 
  60   1        buzz_times(1);//成功可以用了
  61   1        Led_Init();
  62   1        Delay_Ms(100);
  63   1      
  64   1        while(1)
  65   1        { Led_Init();
  66   2          key_num=0;
  67   2          KEY_Scan(0);
  68   2          Delay_Ms(100);
  69   2          //光标位置变化
  70   2          if(local_date!=base_date) 
  71   2          {
  72   3            base_date=local_date;
  73   3            OLED_Clear(0); //清空显示屏
  74   3            DisplayUpdata();
  75   3          }
  76   2          //下
  77   2          if(key_num == 3)
  78   2          {
  79   3             keypressdown();
  80   3            }     
  81   2          //上
  82   2          if(key_num == 2)
  83   2          { 
  84   3            keypressup();
  85   3          }
  86   2          //确定
  87   2          if(key_num==4)
  88   2          {             
  89   3             switch(local_date)
  90   3              {
  91   4                case 2://指纹考勤
  92   4                OLED_Clear(0); //清空显示屏       
  93   4                key_num=0;        
  94   4                press_FR(); 
  95   4                local_date = 2;
  96   4                DisplayUpdata();key_num=0;
  97   4                break;
  98   4                
  99   4                
 100   4                case 4:  //添加指纹
 101   4                OLED_Clear(0); //清空显示屏
 102   4                key_num=0;  
 103   4                Add_FR();
 104   4                local_date = 4;
 105   4                DisplayUpdata();key_num=0;  
 106   4                break; 
 107   4                
 108   4                
 109   4                case 6: //清空指纹
 110   4                OLED_Clear(0); //清空显示屏
 111   4                base_date=local_date=0;key_num=0;
 112   4                Delet_FR();
 113   4                while(1)
 114   4                {
 115   5                  key_num=0;
 116   5                  KEY_Scan(0);
C51 COMPILER V9.60.0.0   MAIN                                                              12/02/2021 20:42:07 PAGE 3   

 117   5                  Delay_Ms(100);
 118   5                  //光标位置变化
 119   5                  if(local_date!=base_date) 
 120   5                  {
 121   6                      base_date=local_date;
 122   6                      OLED_Clear(0); //清空显示屏
 123   6                      Delet_FR();
 124   6                    }
 125   5                  //下
 126   5                  if(key_num == 3)
 127   5                  {
 128   6                      if(local_date==0)local_date=2;
 129   6                      else if(local_date==2)local_date=0;
 130   6                    key_num=0;}     
 131   5                  //上
 132   5                  if(key_num == 2)
 133   5                  { 
 134   6                      if(local_date==0)local_date=2;
 135   6                      else if(local_date==2)local_date=0;
 136   6                  key_num=0;  }
 137   5                  //确定
 138   5                  if(key_num==4)
 139   5                  { 
 140   6                    switch(local_date)
 141   6                    {
 142   7                    case 0://删除指纹
 143   7                    key_num=0;                
 144   7                    Del_FR();           
 145   7                    local_date = 0;
 146   7                    Delet_FR(); key_num=0;                  
 147   7                    break;
 148   7                    case 2:  //清空指纹
 149   7                    key_num=0;
 150   7                    Del_ALL();
 151   7                    local_date = 2;
 152   7                    Delet_FR();   key_num=0;        
 153   7                    break; 
 154   7                    } 
 155   6                  }
 156   5                  //返回
 157   5                  if(key_num==5)
 158   5                  { key_num=0;
 159   6                    break;
 160   6                  }Delay_Ms(100); //延时判断100MS检测一次       
 161   5                }
 162   4                local_date = 6; 
 163   4                key_num=0;          
 164   4                break;
 165   4              }
 166   3            }Delay_Ms(100); //延时判断100MS检测一次     
 167   2        }   
 168   1      }


MODULE INFORMATION:   STATIC OVERLAYABLE
   CODE SIZE        =    575    ----
   CONSTANT SIZE    =     54    ----
   XDATA SIZE       =   ----    ----
   PDATA SIZE       =   ----    ----
   DATA SIZE        =      2    ----
   IDATA SIZE       =   ----    ----
   BIT SIZE         =   ----    ----
C51 COMPILER V9.60.0.0   MAIN                                                              12/02/2021 20:42:07 PAGE 4   

END OF MODULE INFORMATION.


C51 COMPILATION COMPLETE.  0 WARNING(S),  0 ERROR(S)
