C51 COMPILER V9.60.0.0   OLED_FONT                                                         11/01/2021 00:02:03 PAGE 1   


C51 COMPILER V9.60.0.0, COMPILATION OF MODULE OLED_FONT
OBJECT MODULE PLACED IN .\Objects\OLED_font.obj
COMPILER INVOKED BY: D:\DPJJX     proteus\Keil\Keil\C51\BIN\C51.EXE OLED_font.c COMPACT OPTIMIZE(8,SPEED) BROWSE INCDIR(
                    -..\DM) DEBUG OBJECTEXTEND PRINT(.\Listings\OLED_font.lst) TABS(2) OBJECT(.\Objects\OLED_font.obj)

line level    source

   1          //======================================
   2          const unsigned char code F6x8[][6] =
   3          {
   4              { 0x00, 0x00, 0x00, 0x00, 0x00, 0x00 },   // sp
   5              { 0x00, 0x00, 0x00, 0x2f, 0x00, 0x00 },   // !
   6              { 0x00, 0x00, 0x07, 0x00, 0x07, 0x00 },   // "
   7              { 0x00, 0x14, 0x7f, 0x14, 0x7f, 0x14 },   // #
   8              { 0x00, 0x24, 0x2a, 0x7f, 0x2a, 0x12 },   // $
   9              { 0x00, 0x62, 0x64, 0x08, 0x13, 0x23 },   // %
  10              { 0x00, 0x36, 0x49, 0x55, 0x22, 0x50 },   // &
  11              { 0x00, 0x00, 0x05, 0x03, 0x00, 0x00 },   // '
  12              { 0x00, 0x00, 0x1c, 0x22, 0x41, 0x00 },   // (
  13              { 0x00, 0x00, 0x41, 0x22, 0x1c, 0x00 },   // )
  14              { 0x00, 0x14, 0x08, 0x3E, 0x08, 0x14 },   // *
  15              { 0x00, 0x08, 0x08, 0x3E, 0x08, 0x08 },   // +
  16              { 0x00, 0x00, 0x00, 0xA0, 0x60, 0x00 },   // ,
  17              { 0x00, 0x08, 0x08, 0x08, 0x08, 0x08 },   // -
  18              { 0x00, 0x00, 0x60, 0x60, 0x00, 0x00 },   // .
  19              { 0x00, 0x20, 0x10, 0x08, 0x04, 0x02 },   // /
  20              { 0x00, 0x3E, 0x51, 0x49, 0x45, 0x3E },   // 0
  21              { 0x00, 0x00, 0x42, 0x7F, 0x40, 0x00 },   // 1
  22              { 0x00, 0x42, 0x61, 0x51, 0x49, 0x46 },   // 2
  23              { 0x00, 0x21, 0x41, 0x45, 0x4B, 0x31 },   // 3
  24              { 0x00, 0x18, 0x14, 0x12, 0x7F, 0x10 },   // 4
  25              { 0x00, 0x27, 0x45, 0x45, 0x45, 0x39 },   // 5
  26              { 0x00, 0x3C, 0x4A, 0x49, 0x49, 0x30 },   // 6
  27              { 0x00, 0x01, 0x71, 0x09, 0x05, 0x03 },   // 7
  28              { 0x00, 0x36, 0x49, 0x49, 0x49, 0x36 },   // 8
  29              { 0x00, 0x06, 0x49, 0x49, 0x29, 0x1E },   // 9
  30              { 0x00, 0x00, 0x36, 0x36, 0x00, 0x00 },   // :
  31              { 0x00, 0x00, 0x56, 0x36, 0x00, 0x00 },   // ;
  32              { 0x00, 0x08, 0x14, 0x22, 0x41, 0x00 },   // <
  33              { 0x00, 0x14, 0x14, 0x14, 0x14, 0x14 },   // =
  34              { 0x00, 0x00, 0x41, 0x22, 0x14, 0x08 },   // >
  35              { 0x00, 0x02, 0x01, 0x51, 0x09, 0x06 },   // ?
  36              { 0x00, 0x32, 0x49, 0x59, 0x51, 0x3E },   // @
  37              { 0x00, 0x7C, 0x12, 0x11, 0x12, 0x7C },   // A
  38              { 0x00, 0x7F, 0x49, 0x49, 0x49, 0x36 },   // B
  39              { 0x00, 0x3E, 0x41, 0x41, 0x41, 0x22 },   // C
  40              { 0x00, 0x7F, 0x41, 0x41, 0x22, 0x1C },   // D
  41              { 0x00, 0x7F, 0x49, 0x49, 0x49, 0x41 },   // E
  42              { 0x00, 0x7F, 0x09, 0x09, 0x09, 0x01 },   // F
  43              { 0x00, 0x3E, 0x41, 0x49, 0x49, 0x7A },   // G
  44              { 0x00, 0x7F, 0x08, 0x08, 0x08, 0x7F },   // H
  45              { 0x00, 0x00, 0x41, 0x7F, 0x41, 0x00 },   // I
  46              { 0x00, 0x20, 0x40, 0x41, 0x3F, 0x01 },   // J
  47              { 0x00, 0x7F, 0x08, 0x14, 0x22, 0x41 },   // K
  48              { 0x00, 0x7F, 0x40, 0x40, 0x40, 0x40 },   // L
  49              { 0x00, 0x7F, 0x02, 0x0C, 0x02, 0x7F },   // M
  50              { 0x00, 0x7F, 0x04, 0x08, 0x10, 0x7F },   // N
  51              { 0x00, 0x3E, 0x41, 0x41, 0x41, 0x3E },   // O
  52              { 0x00, 0x7F, 0x09, 0x09, 0x09, 0x06 },   // P
  53              { 0x00, 0x3E, 0x41, 0x51, 0x21, 0x5E },   // Q
  54              { 0x00, 0x7F, 0x09, 0x19, 0x29, 0x46 },   // R
C51 COMPILER V9.60.0.0   OLED_FONT                                                         11/01/2021 00:02:03 PAGE 2   

  55              { 0x00, 0x46, 0x49, 0x49, 0x49, 0x31 },   // S
  56              { 0x00, 0x01, 0x01, 0x7F, 0x01, 0x01 },   // T
  57              { 0x00, 0x3F, 0x40, 0x40, 0x40, 0x3F },   // U
  58              { 0x00, 0x1F, 0x20, 0x40, 0x20, 0x1F },   // V
  59              { 0x00, 0x3F, 0x40, 0x38, 0x40, 0x3F },   // W
  60              { 0x00, 0x63, 0x14, 0x08, 0x14, 0x63 },   // X
  61              { 0x00, 0x07, 0x08, 0x70, 0x08, 0x07 },   // Y
  62              { 0x00, 0x61, 0x51, 0x49, 0x45, 0x43 },   // Z
  63              { 0x00, 0x00, 0x7F, 0x41, 0x41, 0x00 },   // [
  64              { 0x00, 0x55, 0x2A, 0x55, 0x2A, 0x55 },   // 55
  65              { 0x00, 0x00, 0x41, 0x41, 0x7F, 0x00 },   // ]
  66              { 0x00, 0x04, 0x02, 0x01, 0x02, 0x04 },   // ^
  67              { 0x00, 0x40, 0x40, 0x40, 0x40, 0x40 },   // _
  68              { 0x00, 0x00, 0x01, 0x02, 0x04, 0x00 },   // '
  69              { 0x00, 0x20, 0x54, 0x54, 0x54, 0x78 },   // a
  70              { 0x00, 0x7F, 0x48, 0x44, 0x44, 0x38 },   // b
  71              { 0x00, 0x38, 0x44, 0x44, 0x44, 0x20 },   // c
  72              { 0x00, 0x38, 0x44, 0x44, 0x48, 0x7F },   // d
  73              { 0x00, 0x38, 0x54, 0x54, 0x54, 0x18 },   // e
  74              { 0x00, 0x08, 0x7E, 0x09, 0x01, 0x02 },   // f
  75              { 0x00, 0x18, 0xA4, 0xA4, 0xA4, 0x7C },   // g
  76              { 0x00, 0x7F, 0x08, 0x04, 0x04, 0x78 },   // h
  77              { 0x00, 0x00, 0x44, 0x7D, 0x40, 0x00 },   // i
  78              { 0x00, 0x40, 0x80, 0x84, 0x7D, 0x00 },   // j
  79              { 0x00, 0x7F, 0x10, 0x28, 0x44, 0x00 },   // k
  80              { 0x00, 0x00, 0x41, 0x7F, 0x40, 0x00 },   // l
  81              { 0x00, 0x7C, 0x04, 0x18, 0x04, 0x78 },   // m
  82              { 0x00, 0x7C, 0x08, 0x04, 0x04, 0x78 },   // n
  83              { 0x00, 0x38, 0x44, 0x44, 0x44, 0x38 },   // o
  84              { 0x00, 0xFC, 0x24, 0x24, 0x24, 0x18 },   // p
  85              { 0x00, 0x18, 0x24, 0x24, 0x18, 0xFC },   // q
  86              { 0x00, 0x7C, 0x08, 0x04, 0x04, 0x08 },   // r
  87              { 0x00, 0x48, 0x54, 0x54, 0x54, 0x20 },   // s
  88              { 0x00, 0x04, 0x3F, 0x44, 0x40, 0x20 },   // t
  89              { 0x00, 0x3C, 0x40, 0x40, 0x20, 0x7C },   // u
  90              { 0x00, 0x1C, 0x20, 0x40, 0x20, 0x1C },   // v
  91              { 0x00, 0x3C, 0x40, 0x30, 0x40, 0x3C },   // w
  92              { 0x00, 0x44, 0x28, 0x10, 0x28, 0x44 },   // x
  93              { 0x00, 0x1C, 0xA0, 0xA0, 0xA0, 0x7C },   // y
  94              { 0x00, 0x44, 0x64, 0x54, 0x4C, 0x44 },   // z
  95              { 0x14, 0x14, 0x14, 0x14, 0x14, 0x14 }    // horiz lines
  96          };
  97          
  98          //======================================================
  99          const unsigned char F14x16[] = 
 100          {  
 101            0x10,0x10,0x10,0x10,0x10,0xFF,0x10,0xF0,0x12,0x1C,0xD0,0x10,0x10,0x10,
 102            0x40,0x20,0x10,0x0C,0x03,0x10,0x08,0x3F,0x42,0x41,0x40,0x40,0x40,0x70,//龙
 103            0x00,0x00,0xFE,0x84,0x84,0x84,0x84,0x82,0x82,0x82,0x82,0xC0,0x80,0x00,
 104            0x20,0x20,0x3F,0x20,0x20,0x20,0x20,0x20,0x3F,0x20,0x20,0x20,0x30,0x20,//丘
 105            0x14,0x13,0x92,0x7E,0x32,0x52,0x92,0x00,0x7C,0x44,0x44,0x44,0x7C,0x00,
 106            0x01,0x01,0x00,0xFF,0x49,0x49,0x49,0x49,0x49,0x49,0xFF,0x00,0x00,0x00,//智
 107            0xB8,0x97,0x92,0x90,0x94,0xB8,0x10,0x00,0x7F,0x48,0x48,0x44,0x74,0x20,
 108            0xFF,0x0A,0x0A,0x4A,0x8A,0x7F,0x00,0x00,0x3F,0x44,0x44,0x42,0x72,0x20,//能  
 109          };
 110          //======================================================
 111          // 128X64I液晶底层驱动[8X16]字体库
 112          // 设计者: powerint
 113          // 描  述: [8X16]西文字符的字模数据 (纵向取模,字节倒序)
 114          // !"#$%&'()*+,-./0123456789:;<=>?@ABCDEFGHIJKLMNOPQRSTUVWXYZ[\]^_`abcdefghijklmnopqrstuvwxyz{|}~
 115          //======================================================
 116          const unsigned char code F8X16[]=
C51 COMPILER V9.60.0.0   OLED_FONT                                                         11/01/2021 00:02:03 PAGE 3   

 117          {
 118            0x00,0x00,0x00,0x00,0x00,0x00,0x00,0x00,0x00,0x00,0x00,0x00,0x00,0x00,0x00,0x00,// 0
 119            0x00,0x00,0x00,0xF8,0x00,0x00,0x00,0x00,0x00,0x00,0x00,0x33,0x30,0x00,0x00,0x00,//!1
 120            0x00,0x10,0x0C,0x06,0x10,0x0C,0x06,0x00,0x00,0x00,0x00,0x00,0x00,0x00,0x00,0x00,//"2
 121            0x40,0xC0,0x78,0x40,0xC0,0x78,0x40,0x00,0x04,0x3F,0x04,0x04,0x3F,0x04,0x04,0x00,//#3
 122            0x00,0x70,0x88,0xFC,0x08,0x30,0x00,0x00,0x00,0x18,0x20,0xFF,0x21,0x1E,0x00,0x00,//$4
 123            0xF0,0x08,0xF0,0x00,0xE0,0x18,0x00,0x00,0x00,0x21,0x1C,0x03,0x1E,0x21,0x1E,0x00,//%5
 124            0x00,0xF0,0x08,0x88,0x70,0x00,0x00,0x00,0x1E,0x21,0x23,0x24,0x19,0x27,0x21,0x10,//&6
 125            0x10,0x16,0x0E,0x00,0x00,0x00,0x00,0x00,0x00,0x00,0x00,0x00,0x00,0x00,0x00,0x00,//'7
 126            0x00,0x00,0x00,0xE0,0x18,0x04,0x02,0x00,0x00,0x00,0x00,0x07,0x18,0x20,0x40,0x00,//(8
 127            0x00,0x02,0x04,0x18,0xE0,0x00,0x00,0x00,0x00,0x40,0x20,0x18,0x07,0x00,0x00,0x00,//)9
 128            0x40,0x40,0x80,0xF0,0x80,0x40,0x40,0x00,0x02,0x02,0x01,0x0F,0x01,0x02,0x02,0x00,//*10
 129            0x00,0x00,0x00,0xF0,0x00,0x00,0x00,0x00,0x01,0x01,0x01,0x1F,0x01,0x01,0x01,0x00,//+11
 130            0x00,0x00,0x00,0x00,0x00,0x00,0x00,0x00,0x80,0xB0,0x70,0x00,0x00,0x00,0x00,0x00,//,12
 131            0x00,0x00,0x00,0x00,0x00,0x00,0x00,0x00,0x00,0x01,0x01,0x01,0x01,0x01,0x01,0x01,//-13
 132            0x00,0x00,0x00,0x00,0x00,0x00,0x00,0x00,0x00,0x30,0x30,0x00,0x00,0x00,0x00,0x00,//.14
 133            0x00,0x00,0x00,0x00,0x80,0x60,0x18,0x04,0x00,0x60,0x18,0x06,0x01,0x00,0x00,0x00,///15
 134            0x00,0xE0,0x10,0x08,0x08,0x10,0xE0,0x00,0x00,0x0F,0x10,0x20,0x20,0x10,0x0F,0x00,//016
 135            0x00,0x10,0x10,0xF8,0x00,0x00,0x00,0x00,0x00,0x20,0x20,0x3F,0x20,0x20,0x00,0x00,//117
 136            0x00,0x70,0x08,0x08,0x08,0x88,0x70,0x00,0x00,0x30,0x28,0x24,0x22,0x21,0x30,0x00,//218
 137            0x00,0x30,0x08,0x88,0x88,0x48,0x30,0x00,0x00,0x18,0x20,0x20,0x20,0x11,0x0E,0x00,//319
 138            0x00,0x00,0xC0,0x20,0x10,0xF8,0x00,0x00,0x00,0x07,0x04,0x24,0x24,0x3F,0x24,0x00,//420
 139            0x00,0xF8,0x08,0x88,0x88,0x08,0x08,0x00,0x00,0x19,0x21,0x20,0x20,0x11,0x0E,0x00,//521
 140            0x00,0xE0,0x10,0x88,0x88,0x18,0x00,0x00,0x00,0x0F,0x11,0x20,0x20,0x11,0x0E,0x00,//622
 141            0x00,0x38,0x08,0x08,0xC8,0x38,0x08,0x00,0x00,0x00,0x00,0x3F,0x00,0x00,0x00,0x00,//723
 142            0x00,0x70,0x88,0x08,0x08,0x88,0x70,0x00,0x00,0x1C,0x22,0x21,0x21,0x22,0x1C,0x00,//824
 143            0x00,0xE0,0x10,0x08,0x08,0x10,0xE0,0x00,0x00,0x00,0x31,0x22,0x22,0x11,0x0F,0x00,//925
 144            0x00,0x00,0x00,0xC0,0xC0,0x00,0x00,0x00,0x00,0x00,0x00,0x30,0x30,0x00,0x00,0x00,//:26
 145            0x00,0x00,0x00,0x80,0x00,0x00,0x00,0x00,0x00,0x00,0x80,0x60,0x00,0x00,0x00,0x00,//;27
 146            0x00,0x00,0x80,0x40,0x20,0x10,0x08,0x00,0x00,0x01,0x02,0x04,0x08,0x10,0x20,0x00,//<28
 147            0x40,0x40,0x40,0x40,0x40,0x40,0x40,0x00,0x04,0x04,0x04,0x04,0x04,0x04,0x04,0x00,//=29
 148            0x00,0x08,0x10,0x20,0x40,0x80,0x00,0x00,0x00,0x20,0x10,0x08,0x04,0x02,0x01,0x00,//>30
 149            0x00,0x70,0x48,0x08,0x08,0x08,0xF0,0x00,0x00,0x00,0x00,0x30,0x36,0x01,0x00,0x00,//?31
 150            0xC0,0x30,0xC8,0x28,0xE8,0x10,0xE0,0x00,0x07,0x18,0x27,0x24,0x23,0x14,0x0B,0x00,//@32
 151            0x00,0x00,0xC0,0x38,0xE0,0x00,0x00,0x00,0x20,0x3C,0x23,0x02,0x02,0x27,0x38,0x20,//A33
 152            0x08,0xF8,0x88,0x88,0x88,0x70,0x00,0x00,0x20,0x3F,0x20,0x20,0x20,0x11,0x0E,0x00,//B34
 153            0xC0,0x30,0x08,0x08,0x08,0x08,0x38,0x00,0x07,0x18,0x20,0x20,0x20,0x10,0x08,0x00,//C35
 154            0x08,0xF8,0x08,0x08,0x08,0x10,0xE0,0x00,0x20,0x3F,0x20,0x20,0x20,0x10,0x0F,0x00,//D36
 155            0x08,0xF8,0x88,0x88,0xE8,0x08,0x10,0x00,0x20,0x3F,0x20,0x20,0x23,0x20,0x18,0x00,//E37
 156            0x08,0xF8,0x88,0x88,0xE8,0x08,0x10,0x00,0x20,0x3F,0x20,0x00,0x03,0x00,0x00,0x00,//F38
 157            0xC0,0x30,0x08,0x08,0x08,0x38,0x00,0x00,0x07,0x18,0x20,0x20,0x22,0x1E,0x02,0x00,//G39
 158            0x08,0xF8,0x08,0x00,0x00,0x08,0xF8,0x08,0x20,0x3F,0x21,0x01,0x01,0x21,0x3F,0x20,//H40
 159            0x00,0x08,0x08,0xF8,0x08,0x08,0x00,0x00,0x00,0x20,0x20,0x3F,0x20,0x20,0x00,0x00,//I41
 160            0x00,0x00,0x08,0x08,0xF8,0x08,0x08,0x00,0xC0,0x80,0x80,0x80,0x7F,0x00,0x00,0x00,//J42
 161            0x08,0xF8,0x88,0xC0,0x28,0x18,0x08,0x00,0x20,0x3F,0x20,0x01,0x26,0x38,0x20,0x00,//K43
 162            0x08,0xF8,0x08,0x00,0x00,0x00,0x00,0x00,0x20,0x3F,0x20,0x20,0x20,0x20,0x30,0x00,//L44
 163            0x08,0xF8,0xF8,0x00,0xF8,0xF8,0x08,0x00,0x20,0x3F,0x00,0x3F,0x00,0x3F,0x20,0x00,//M45
 164            0x08,0xF8,0x30,0xC0,0x00,0x08,0xF8,0x08,0x20,0x3F,0x20,0x00,0x07,0x18,0x3F,0x00,//N46
 165            0xE0,0x10,0x08,0x08,0x08,0x10,0xE0,0x00,0x0F,0x10,0x20,0x20,0x20,0x10,0x0F,0x00,//O47
 166            0x08,0xF8,0x08,0x08,0x08,0x08,0xF0,0x00,0x20,0x3F,0x21,0x01,0x01,0x01,0x00,0x00,//P48
 167            0xE0,0x10,0x08,0x08,0x08,0x10,0xE0,0x00,0x0F,0x18,0x24,0x24,0x38,0x50,0x4F,0x00,//Q49
 168            0x08,0xF8,0x88,0x88,0x88,0x88,0x70,0x00,0x20,0x3F,0x20,0x00,0x03,0x0C,0x30,0x20,//R50
 169            0x00,0x70,0x88,0x08,0x08,0x08,0x38,0x00,0x00,0x38,0x20,0x21,0x21,0x22,0x1C,0x00,//S51
 170            0x18,0x08,0x08,0xF8,0x08,0x08,0x18,0x00,0x00,0x00,0x20,0x3F,0x20,0x00,0x00,0x00,//T52
 171            0x08,0xF8,0x08,0x00,0x00,0x08,0xF8,0x08,0x00,0x1F,0x20,0x20,0x20,0x20,0x1F,0x00,//U53
 172            0x08,0x78,0x88,0x00,0x00,0xC8,0x38,0x08,0x00,0x00,0x07,0x38,0x0E,0x01,0x00,0x00,//V54
 173            0xF8,0x08,0x00,0xF8,0x00,0x08,0xF8,0x00,0x03,0x3C,0x07,0x00,0x07,0x3C,0x03,0x00,//W55
 174            0x08,0x18,0x68,0x80,0x80,0x68,0x18,0x08,0x20,0x30,0x2C,0x03,0x03,0x2C,0x30,0x20,//X56
 175            0x08,0x38,0xC8,0x00,0xC8,0x38,0x08,0x00,0x00,0x00,0x20,0x3F,0x20,0x00,0x00,0x00,//Y57
 176            0x10,0x08,0x08,0x08,0xC8,0x38,0x08,0x00,0x20,0x38,0x26,0x21,0x20,0x20,0x18,0x00,//Z58
 177            0x00,0x00,0x00,0xFE,0x02,0x02,0x02,0x00,0x00,0x00,0x00,0x7F,0x40,0x40,0x40,0x00,//[59
 178            0x00,0x0C,0x30,0xC0,0x00,0x00,0x00,0x00,0x00,0x00,0x00,0x01,0x06,0x38,0xC0,0x00,//\60
C51 COMPILER V9.60.0.0   OLED_FONT                                                         11/01/2021 00:02:03 PAGE 4   

 179            0x00,0x02,0x02,0x02,0xFE,0x00,0x00,0x00,0x00,0x40,0x40,0x40,0x7F,0x00,0x00,0x00,//]61
 180            0x00,0x00,0x04,0x02,0x02,0x02,0x04,0x00,0x00,0x00,0x00,0x00,0x00,0x00,0x00,0x00,//^62
 181            0x00,0x00,0x00,0x00,0x00,0x00,0x00,0x00,0x80,0x80,0x80,0x80,0x80,0x80,0x80,0x80,//_63
 182            0x00,0x02,0x02,0x04,0x00,0x00,0x00,0x00,0x00,0x00,0x00,0x00,0x00,0x00,0x00,0x00,//`64
 183            0x00,0x00,0x80,0x80,0x80,0x80,0x00,0x00,0x00,0x19,0x24,0x22,0x22,0x22,0x3F,0x20,//a65
 184            0x08,0xF8,0x00,0x80,0x80,0x00,0x00,0x00,0x00,0x3F,0x11,0x20,0x20,0x11,0x0E,0x00,//b66
 185            0x00,0x00,0x00,0x80,0x80,0x80,0x00,0x00,0x00,0x0E,0x11,0x20,0x20,0x20,0x11,0x00,//c67
 186            0x00,0x00,0x00,0x80,0x80,0x88,0xF8,0x00,0x00,0x0E,0x11,0x20,0x20,0x10,0x3F,0x20,//d68
 187            0x00,0x00,0x80,0x80,0x80,0x80,0x00,0x00,0x00,0x1F,0x22,0x22,0x22,0x22,0x13,0x00,//e69
 188            0x00,0x80,0x80,0xF0,0x88,0x88,0x88,0x18,0x00,0x20,0x20,0x3F,0x20,0x20,0x00,0x00,//f70
 189            0x00,0x00,0x80,0x80,0x80,0x80,0x80,0x00,0x00,0x6B,0x94,0x94,0x94,0x93,0x60,0x00,//g71
 190            0x08,0xF8,0x00,0x80,0x80,0x80,0x00,0x00,0x20,0x3F,0x21,0x00,0x00,0x20,0x3F,0x20,//h72
 191            0x00,0x80,0x98,0x98,0x00,0x00,0x00,0x00,0x00,0x20,0x20,0x3F,0x20,0x20,0x00,0x00,//i73
 192            0x00,0x00,0x00,0x80,0x98,0x98,0x00,0x00,0x00,0xC0,0x80,0x80,0x80,0x7F,0x00,0x00,//j74
 193            0x08,0xF8,0x00,0x00,0x80,0x80,0x80,0x00,0x20,0x3F,0x24,0x02,0x2D,0x30,0x20,0x00,//k75
 194            0x00,0x08,0x08,0xF8,0x00,0x00,0x00,0x00,0x00,0x20,0x20,0x3F,0x20,0x20,0x00,0x00,//l76
 195            0x80,0x80,0x80,0x80,0x80,0x80,0x80,0x00,0x20,0x3F,0x20,0x00,0x3F,0x20,0x00,0x3F,//m77
 196            0x80,0x80,0x00,0x80,0x80,0x80,0x00,0x00,0x20,0x3F,0x21,0x00,0x00,0x20,0x3F,0x20,//n78
 197            0x00,0x00,0x80,0x80,0x80,0x80,0x00,0x00,0x00,0x1F,0x20,0x20,0x20,0x20,0x1F,0x00,//o79
 198            0x80,0x80,0x00,0x80,0x80,0x00,0x00,0x00,0x80,0xFF,0xA1,0x20,0x20,0x11,0x0E,0x00,//p80
 199            0x00,0x00,0x00,0x80,0x80,0x80,0x80,0x00,0x00,0x0E,0x11,0x20,0x20,0xA0,0xFF,0x80,//q81
 200            0x80,0x80,0x80,0x00,0x80,0x80,0x80,0x00,0x20,0x20,0x3F,0x21,0x20,0x00,0x01,0x00,//r82
 201            0x00,0x00,0x80,0x80,0x80,0x80,0x80,0x00,0x00,0x33,0x24,0x24,0x24,0x24,0x19,0x00,//s83
 202            0x00,0x80,0x80,0xE0,0x80,0x80,0x00,0x00,0x00,0x00,0x00,0x1F,0x20,0x20,0x00,0x00,//t84
 203            0x80,0x80,0x00,0x00,0x00,0x80,0x80,0x00,0x00,0x1F,0x20,0x20,0x20,0x10,0x3F,0x20,//u85
 204            0x80,0x80,0x80,0x00,0x00,0x80,0x80,0x80,0x00,0x01,0x0E,0x30,0x08,0x06,0x01,0x00,//v86
 205            0x80,0x80,0x00,0x80,0x00,0x80,0x80,0x80,0x0F,0x30,0x0C,0x03,0x0C,0x30,0x0F,0x00,//w87
 206            0x00,0x80,0x80,0x00,0x80,0x80,0x80,0x00,0x00,0x20,0x31,0x2E,0x0E,0x31,0x20,0x00,//x88
 207            0x80,0x80,0x80,0x00,0x00,0x80,0x80,0x80,0x80,0x81,0x8E,0x70,0x18,0x06,0x01,0x00,//y89
 208            0x00,0x80,0x80,0x80,0x80,0x80,0x80,0x00,0x00,0x21,0x30,0x2C,0x22,0x21,0x30,0x00,//z90
 209            0x00,0x00,0x00,0x00,0x80,0x7C,0x02,0x02,0x00,0x00,0x00,0x00,0x00,0x3F,0x40,0x40,//{91
 210            0x00,0x00,0x00,0x00,0xFF,0x00,0x00,0x00,0x00,0x00,0x00,0x00,0xFF,0x00,0x00,0x00,//|92
 211            0x00,0x02,0x02,0x7C,0x80,0x00,0x00,0x00,0x00,0x40,0x40,0x3F,0x00,0x00,0x00,0x00,//}93
 212            0x00,0x06,0x01,0x01,0x02,0x02,0x04,0x04,0x00,0x00,0x00,0x00,0x00,0x00,0x00,0x00,//~94
 213          
 214          };
 215          
 216          
 217          
 218          
 219          


MODULE INFORMATION:   STATIC OVERLAYABLE
   CODE SIZE        =   ----    ----
   CONSTANT SIZE    =   2072    ----
   XDATA SIZE       =   ----    ----
   PDATA SIZE       =    112    ----
   DATA SIZE        =   ----    ----
   IDATA SIZE       =   ----    ----
   BIT SIZE         =   ----    ----
END OF MODULE INFORMATION.


C51 COMPILATION COMPLETE.  0 WARNING(S),  0 ERROR(S)
