C51 COMPILER V9.60.0.0   UART                                                              11/26/2021 17:28:05 PAGE 1   


C51 COMPILER V9.60.0.0, COMPILATION OF MODULE UART
OBJECT MODULE PLACED IN .\Objects\uart.obj
COMPILER INVOKED BY: D:\DPJJX     proteus\Keil\Keil\C51\BIN\C51.EXE uart.c ROM(COMPACT) OPTIMIZE(8,SPEED) BROWSE INCDIR(
                    -..\DM) DEBUG OBJECTEXTEND PRINT(.\Listings\uart.lst) TABS(2) OBJECT(.\Objects\uart.obj)

line level    source

   1          #include "stc89c52.h"
   2          #include "uart.h"
   3          
   4          
   5          void Uart_Init(void)//9600bps@11.0592MHZ
   6          {
   7   1        SCON = 0x50;    //8位数据,可变波特率  11.0592  57600
   8   1        AUXR |= 0x40;   //定时器时钟1T模式
   9   1        AUXR &= 0xFE;   //串口1选择定时器为波特率发生器
  10   1        TMOD &= 0x0F;   //设置定时器模式
  11   1        TL1 = 0xE0;     //设置定时器初始值
  12   1        TH1 = 0xFE;     //设置定时器初始值
  13   1        ET1 = 0;        //禁止定时器中断
  14   1        TR1 = 1;        //定时器1开始计时
  15   1      }
  16          
  17          void Timer0Init(void)   //100微秒@11.0592MHz
  18          {
  19   1        AUXR |= 0x80;   //定时器时钟1T模式
  20   1        TMOD &= 0xF0;   //设置定时器模式
  21   1        TL0 = 0xAE;   //设置定时初始值
  22   1        TH0 = 0xFB;   //设置定时初始值
  23   1        TF0 = 0;    //清除TF0标志
  24   1        TR0 = 1;    //定时器0开始计时
  25   1      }
  26          
  27          void Uart_Send_Byte(unsigned char c)//UART Send a byte
  28          {
  29   1        SBUF = c;
  30   1        while(!TI);   //发送完为1 
  31   1        TI = 0;
  32   1      }
  33          
  34          
  35          
  36          unsigned char Uart_Receive_Byte()//UART Receive a byteg
  37          { 
*** ERROR C231 IN LINE 37 OF uart.c: 'Uart_Receive_Byte': redefinition
  38   1        unsigned char dat;
  39   1        while(!RI);  //接收完为1 
  40   1        RI = 0;
  41   1        dat = SBUF;
  42   1        return (dat);
  43   1      }
*** ERROR C231 IN LINE 43 OF uart.c: 'Uart_Receive_Byte': redefinition

C51 COMPILATION COMPLETE.  0 WARNING(S),  2 ERROR(S)
